INFO 2020/12/08 18:00:57 logger.go:27: logs
INFO 2020/12/09 16:59:35 logger.go:27: logs
INFO 2020/12/09 17:01:38 logger.go:27: logs
INFO 2020/12/09 17:01:40 logger.go:27: logs
INFO 2020/12/09 17:01:42 logger.go:27: logs
INFO 2020/12/09 17:01:44 logger.go:27: logs
INFO 2020/12/09 17:01:46 logger.go:27: logs
INFO 2020/12/09 17:01:48 logger.go:27: logs
INFO 2020/12/09 17:01:55 logger.go:27: logs
INFO 2020/12/09 17:01:57 logger.go:27: logs
INFO 2020/12/09 17:01:59 logger.go:27: logs
INFO 2020/12/09 17:02:31 logger.go:27: logs
INFO 2020/12/09 17:02:33 logger.go:27: logs
INFO 2020/12/09 17:02:35 logger.go:27: logs
INFO 2020/12/09 17:03:37 logger.go:27: logs
INFO 2020/12/09 17:03:38 logger.go:27: logs
INFO 2020/12/09 17:03:40 logger.go:27: logs
INFO 2020/12/09 17:03:42 logger.go:27: logs
INFO 2020/12/09 17:05:28 logger.go:27: logs
INFO 2020/12/09 17:05:30 logger.go:27: logs
INFO 2020/12/09 17:05:32 logger.go:27: logs
INFO 2020/12/09 17:09:00 logger.go:27: logs
INFO 2020/12/09 17:09:01 logger.go:27: logs
INFO 2020/12/09 17:09:01 logger.go:27: logs
INFO 2020/12/09 17:14:18 logger.go:27: logs
ERROR 2020/12/16 17:19:32 logger.go:33: Error 1146: Table 'chitchat.articles' doesn't exist ArticlesController Show Error
ERROR 2020/12/16 17:45:48 logger.go:33: Error 1146: Table 'chitchat.articles' doesn't exist ArticlesController Index Error
ERROR 2020/12/22 16:39:23 logger.go:33: open article/index: The system cannot find the path specified. render error
ERROR 2020/12/22 16:40:22 logger.go:33: open article/index: The system cannot find the path specified. render error
ERROR 2020/12/22 17:00:04 logger.go:33: Error 1366: Incorrect string value: '\xE6\xB5\x8B\xE8\xAF\x95...' for column 'title' at row 1 model article update error
ERROR 2020/12/22 17:01:16 logger.go:33: Error 1366: Incorrect string value: '\xE6\xB5\x8B\xE8\xAF\x95...' for column 'title' at row 1 model article update error
ERROR 2020/12/22 17:02:43 logger.go:33: Error 1366: Incorrect string value: '\xE6\xB5\x8B\xE8\xAF\x95...' for column 'title' at row 1 model article update error
ERROR 2020/12/22 17:05:13 logger.go:33: Error 1366: Incorrect string value: '\xE6\xB5\x8B\xE8\xAF\x95...' for column 'title' at row 1 model article update error
ERROR 2020/12/24 13:58:08 logger.go:33: Error 1366: Incorrect string value: '\xE9\xBB\x84\xE4\xBA\x8C...' for column 'name' at row 1 model user create error
ERROR 2020/12/24 21:50:10 logger.go:33: Error 1062: Duplicate entry '13528685024@163.com' for key 'email' model user create error
ERROR 2020/12/24 21:50:31 logger.go:33: Error 1062: Duplicate entry '13528685024@163.com' for key 'email' model user create error
ERROR 2020/12/24 22:00:22 logger.go:33: Error 1062: Duplicate entry '13528685024@163.com' for key 'email' model user create error
ERROR 2020/12/25 17:30:57 logger.go:33: <nil> start session error
ERROR 2020/12/25 17:30:58 logger.go:33: <nil> Save session error
ERROR 2020/12/25 17:31:03 logger.go:33: <nil> start session error
ERROR 2020/12/25 17:31:03 logger.go:33: <nil> start session error
ERROR 2020/12/25 17:31:03 logger.go:33: <nil> start session error
ERROR 2020/12/25 17:31:03 logger.go:33: <nil> start session error
ERROR 2020/12/25 17:31:03 logger.go:33: <nil> start session error
ERROR 2020/12/25 17:31:03 logger.go:33: <nil> start session error
ERROR 2020/12/25 17:54:36 logger.go:33: <nil> start session error
ERROR 2020/12/25 17:54:36 logger.go:33: <nil> start session error
ERROR 2020/12/25 17:54:36 logger.go:33: <nil> start session error
ERROR 2020/12/25 17:54:36 logger.go:33: <nil> start session error
ERROR 2020/12/25 17:54:36 logger.go:33: <nil> start session error
ERROR 2020/12/25 17:54:36 logger.go:33: <nil> start session error
ERROR 2020/12/25 17:54:42 logger.go:33: <nil> start session error
ERROR 2020/12/25 17:54:42 logger.go:33: <nil> start session error
ERROR 2020/12/25 17:54:42 logger.go:33: <nil> start session error
ERROR 2020/12/25 17:54:42 logger.go:33: <nil> start session error
ERROR 2020/12/25 17:54:42 logger.go:33: <nil> start session error
ERROR 2020/12/25 17:54:42 logger.go:33: <nil> start session error
ERROR 2020/12/25 17:54:42 logger.go:33: <nil> start session error
ERROR 2020/12/25 17:54:50 logger.go:33: <nil> start session error
ERROR 2020/12/25 17:55:02 logger.go:33: <nil> start session error
ERROR 2020/12/25 17:55:02 logger.go:33: <nil> start session error
ERROR 2020/12/25 17:55:02 logger.go:33: <nil> start session error
ERROR 2020/12/25 17:55:02 logger.go:33: <nil> start session error
ERROR 2020/12/25 17:55:02 logger.go:33: <nil> start session error
ERROR 2020/12/25 17:55:02 logger.go:33: <nil> start session error
ERROR 2020/12/25 17:55:05 logger.go:33: <nil> start session error
ERROR 2020/12/25 17:55:05 logger.go:33: <nil> start session error
ERROR 2020/12/25 17:55:05 logger.go:33: <nil> start session error
ERROR 2020/12/25 17:55:05 logger.go:33: <nil> start session error
ERROR 2020/12/25 17:55:06 logger.go:33: <nil> start session error
ERROR 2020/12/25 17:55:06 logger.go:33: <nil> start session error
ERROR 2020/12/25 17:55:08 logger.go:33: <nil> start session error
ERROR 2020/12/25 17:55:08 logger.go:33: <nil> start session error
ERROR 2020/12/25 17:55:08 logger.go:33: <nil> start session error
ERROR 2020/12/25 17:55:08 logger.go:33: <nil> start session error
ERROR 2020/12/25 17:55:09 logger.go:33: <nil> start session error
ERROR 2020/12/25 17:55:09 logger.go:33: <nil> start session error
ERROR 2020/12/25 17:55:10 logger.go:33: <nil> start session error
ERROR 2020/12/25 17:55:11 logger.go:33: <nil> start session error
ERROR 2020/12/25 17:55:11 logger.go:33: <nil> start session error
ERROR 2020/12/25 17:55:11 logger.go:33: <nil> start session error
ERROR 2020/12/25 17:57:01 logger.go:33: <nil> start session error
ERROR 2020/12/25 17:57:02 logger.go:33: <nil> start session error
ERROR 2020/12/25 17:57:02 logger.go:33: <nil> start session error
ERROR 2020/12/25 17:57:02 logger.go:33: <nil> start session error
ERROR 2020/12/25 17:57:02 logger.go:33: <nil> start session error
ERROR 2020/12/25 17:57:02 logger.go:33: <nil> start session error
ERROR 2020/12/25 17:57:02 logger.go:33: <nil> start session error
ERROR 2020/12/25 18:14:08 logger.go:33: <nil> start session error
ERROR 2020/12/25 18:14:09 logger.go:33: <nil> start session error
ERROR 2020/12/25 18:14:09 logger.go:33: <nil> start session error
ERROR 2020/12/25 18:14:09 logger.go:33: <nil> start session error
ERROR 2020/12/25 18:14:09 logger.go:33: <nil> start session error
ERROR 2020/12/25 18:14:09 logger.go:33: <nil> start session error
ERROR 2020/12/25 18:14:10 logger.go:33: <nil> start session error
ERROR 2020/12/25 18:14:10 logger.go:33: <nil> start session error
ERROR 2020/12/25 18:14:10 logger.go:33: <nil> start session error
ERROR 2020/12/25 18:14:10 logger.go:33: <nil> start session error
ERROR 2020/12/25 18:14:11 logger.go:33: <nil> start session error
ERROR 2020/12/25 18:14:11 logger.go:33: <nil> start session error
ERROR 2020/12/25 18:14:12 logger.go:33: <nil> start session error
ERROR 2020/12/25 18:14:13 logger.go:33: <nil> start session error
ERROR 2020/12/25 18:14:13 logger.go:33: <nil> start session error
ERROR 2020/12/25 18:14:13 logger.go:33: <nil> start session error
ERROR 2020/12/25 18:14:55 logger.go:33: <nil> start session error
ERROR 2020/12/25 18:14:55 logger.go:33: <nil> start session error
ERROR 2020/12/25 18:14:55 logger.go:33: <nil> start session error
ERROR 2020/12/25 18:14:56 logger.go:33: <nil> start session error
ERROR 2020/12/25 18:15:21 logger.go:33: <nil> start session error
ERROR 2020/12/25 18:15:22 logger.go:33: <nil> start session error
ERROR 2020/12/25 18:15:22 logger.go:33: <nil> start session error
ERROR 2020/12/25 18:15:22 logger.go:33: <nil> start session error
ERROR 2020/12/25 18:15:47 logger.go:33: <nil> start session error
ERROR 2020/12/25 18:15:47 logger.go:33: <nil> start session error
ERROR 2020/12/25 18:15:47 logger.go:33: <nil> start session error
ERROR 2020/12/25 18:15:47 logger.go:33: <nil> start session error
ERROR 2020/12/25 18:16:09 logger.go:33: <nil> start session error
ERROR 2020/12/25 18:16:09 logger.go:33: <nil> start session error
ERROR 2020/12/25 18:16:09 logger.go:33: <nil> start session error
ERROR 2020/12/25 18:16:10 logger.go:33: <nil> start session error
ERROR 2020/12/25 18:16:43 logger.go:33: <nil> start session error
ERROR 2020/12/25 18:16:43 logger.go:33: <nil> start session error
ERROR 2020/12/25 18:16:43 logger.go:33: <nil> start session error
ERROR 2020/12/25 18:16:43 logger.go:33: <nil> start session error
ERROR 2020/12/25 18:16:45 logger.go:33: <nil> start session error
ERROR 2020/12/25 18:16:46 logger.go:33: <nil> start session error
ERROR 2020/12/25 18:16:46 logger.go:33: <nil> start session error
ERROR 2020/12/25 18:16:46 logger.go:33: <nil> start session error
ERROR 2020/12/25 18:16:58 logger.go:33: <nil> start session error
ERROR 2020/12/25 18:16:58 logger.go:33: <nil> start session error
ERROR 2020/12/25 18:16:58 logger.go:33: <nil> start session error
ERROR 2020/12/25 18:16:59 logger.go:33: <nil> start session error
ERROR 2020/12/25 18:17:19 logger.go:33: <nil> start session error
ERROR 2020/12/25 18:17:19 logger.go:33: <nil> start session error
ERROR 2020/12/25 18:17:19 logger.go:33: <nil> start session error
ERROR 2020/12/25 18:17:20 logger.go:33: <nil> start session error
ERROR 2020/12/25 18:20:22 logger.go:33: <nil> start session error
ERROR 2020/12/25 18:20:23 logger.go:33: <nil> start session error
ERROR 2020/12/25 18:20:23 logger.go:33: <nil> start session error
ERROR 2020/12/25 18:20:23 logger.go:33: <nil> start session error
ERROR 2020/12/25 18:20:23 logger.go:33: <nil> start session error
ERROR 2020/12/25 18:20:23 logger.go:33: <nil> start session error
ERROR 2020/12/25 18:22:25 logger.go:33: <nil> start session error
ERROR 2020/12/25 18:22:26 logger.go:33: <nil> start session error
ERROR 2020/12/25 18:22:26 logger.go:33: <nil> start session error
ERROR 2020/12/25 18:22:26 logger.go:33: <nil> start session error
ERROR 2020/12/25 18:22:26 logger.go:33: <nil> start session error
ERROR 2020/12/25 18:22:26 logger.go:33: <nil> start session error
ERROR 2020/12/25 18:22:29 logger.go:33: <nil> start session error
ERROR 2020/12/25 18:22:29 logger.go:33: <nil> start session error
ERROR 2020/12/25 18:22:29 logger.go:33: <nil> start session error
ERROR 2020/12/25 18:22:29 logger.go:33: <nil> start session error
ERROR 2020/12/25 18:22:29 logger.go:33: <nil> start session error
ERROR 2020/12/25 18:22:29 logger.go:33: <nil> start session error
ERROR 2020/12/25 18:22:41 logger.go:33: <nil> start session error
ERROR 2020/12/25 18:22:41 logger.go:33: <nil> start session error
ERROR 2020/12/25 18:22:41 logger.go:33: <nil> start session error
ERROR 2020/12/25 18:22:41 logger.go:33: <nil> start session error
ERROR 2020/12/25 18:22:42 logger.go:33: <nil> start session error
ERROR 2020/12/25 18:22:42 logger.go:33: <nil> start session error
ERROR 2020/12/25 18:22:43 logger.go:33: <nil> start session error
ERROR 2020/12/25 18:22:43 logger.go:33: <nil> start session error
ERROR 2020/12/25 18:22:43 logger.go:33: <nil> start session error
ERROR 2020/12/25 18:22:43 logger.go:33: <nil> start session error
ERROR 2020/12/25 18:22:43 logger.go:33: <nil> start session error
ERROR 2020/12/25 18:22:43 logger.go:33: <nil> start session error
ERROR 2020/12/25 18:22:45 logger.go:33: <nil> start session error
ERROR 2020/12/25 18:22:45 logger.go:33: <nil> start session error
ERROR 2020/12/25 18:22:45 logger.go:33: <nil> start session error
ERROR 2020/12/25 18:22:45 logger.go:33: <nil> start session error
ERROR 2020/12/25 18:25:58 logger.go:33: <nil> start session error
ERROR 2020/12/25 18:25:58 logger.go:33: <nil> start session error
ERROR 2020/12/25 18:25:58 logger.go:33: <nil> start session error
ERROR 2020/12/25 18:25:59 logger.go:33: <nil> start session error
ERROR 2020/12/25 18:26:05 logger.go:33: <nil> start session error
ERROR 2020/12/25 18:26:06 logger.go:33: <nil> start session error
ERROR 2020/12/25 18:26:06 logger.go:33: <nil> start session error
ERROR 2020/12/25 18:26:06 logger.go:33: <nil> start session error
ERROR 2020/12/25 18:26:06 logger.go:33: <nil> start session error
ERROR 2020/12/25 18:26:06 logger.go:33: <nil> start session error
ERROR 2020/12/25 18:26:06 logger.go:33: <nil> start session error
ERROR 2020/12/25 18:26:10 logger.go:33: <nil> start session error
ERROR 2020/12/26 17:56:27 logger.go:33: <nil> start session error
ERROR 2020/12/26 17:56:27 logger.go:33: <nil> start session error
ERROR 2020/12/26 17:56:27 logger.go:33: <nil> start session error
ERROR 2020/12/26 17:56:27 logger.go:33: <nil> start session error
ERROR 2020/12/26 17:56:28 logger.go:33: <nil> start session error
ERROR 2020/12/26 17:56:28 logger.go:33: <nil> start session error
ERROR 2020/12/26 17:56:38 logger.go:33: <nil> start session error
ERROR 2020/12/26 17:56:38 logger.go:33: <nil> start session error
ERROR 2020/12/26 17:56:38 logger.go:33: <nil> start session error
ERROR 2020/12/26 17:56:38 logger.go:33: <nil> start session error
ERROR 2020/12/26 17:57:21 logger.go:33: <nil> start session error
ERROR 2020/12/26 17:57:21 logger.go:33: <nil> start session error
ERROR 2020/12/26 17:57:21 logger.go:33: <nil> start session error
ERROR 2020/12/26 17:57:21 logger.go:33: <nil> start session error
ERROR 2020/12/26 17:57:22 logger.go:33: <nil> start session error
ERROR 2020/12/26 17:57:25 logger.go:33: <nil> start session error
ERROR 2020/12/26 17:57:25 logger.go:33: <nil> start session error
ERROR 2020/12/26 17:57:25 logger.go:33: <nil> start session error
ERROR 2020/12/26 17:57:26 logger.go:33: <nil> start session error
ERROR 2020/12/26 17:57:32 logger.go:33: <nil> start session error
ERROR 2020/12/26 17:57:32 logger.go:33: <nil> start session error
ERROR 2020/12/26 17:57:32 logger.go:33: <nil> start session error
ERROR 2020/12/26 17:57:32 logger.go:33: <nil> start session error
ERROR 2020/12/26 17:57:32 logger.go:33: <nil> start session error
ERROR 2020/12/26 17:57:32 logger.go:33: <nil> start session error
ERROR 2020/12/26 17:57:35 logger.go:33: <nil> start session error
ERROR 2020/12/26 17:57:35 logger.go:33: <nil> start session error
ERROR 2020/12/26 17:57:35 logger.go:33: <nil> start session error
ERROR 2020/12/26 17:57:35 logger.go:33: <nil> start session error
ERROR 2020/12/26 17:58:19 logger.go:33: <nil> start session error
ERROR 2020/12/26 17:58:20 logger.go:33: <nil> start session error
ERROR 2020/12/26 17:58:20 logger.go:33: <nil> start session error
ERROR 2020/12/26 17:58:20 logger.go:33: <nil> start session error
ERROR 2020/12/26 18:01:09 logger.go:33: <nil> start session error
ERROR 2020/12/26 18:01:10 logger.go:33: <nil> start session error
ERROR 2020/12/26 18:01:10 logger.go:33: <nil> start session error
ERROR 2020/12/26 18:01:10 logger.go:33: <nil> start session error
ERROR 2020/12/26 18:04:14 logger.go:33: <nil> start session error
ERROR 2020/12/26 18:04:15 logger.go:33: <nil> start session error
ERROR 2020/12/26 18:04:15 logger.go:33: <nil> start session error
ERROR 2020/12/26 18:04:15 logger.go:33: <nil> start session error
ERROR 2020/12/26 18:04:18 logger.go:33: <nil> start session error
ERROR 2020/12/26 18:04:25 logger.go:33: <nil> start session error
ERROR 2020/12/26 18:04:26 logger.go:33: <nil> Save session error
ERROR 2020/12/26 18:04:29 logger.go:33: <nil> start session error
ERROR 2020/12/26 18:04:31 logger.go:33: <nil> start session error
ERROR 2020/12/26 18:04:33 logger.go:33: <nil> start session error
ERROR 2020/12/26 18:04:35 logger.go:33: <nil> start session error
ERROR 2020/12/26 18:06:36 logger.go:33: <nil> start session error
ERROR 2020/12/26 18:06:36 logger.go:33: <nil> start session error
ERROR 2020/12/26 18:06:36 logger.go:33: <nil> start session error
ERROR 2020/12/26 18:06:36 logger.go:33: <nil> start session error
ERROR 2020/12/26 18:06:38 logger.go:33: <nil> start session error
ERROR 2020/12/26 18:06:39 logger.go:33: <nil> start session error
ERROR 2020/12/26 18:06:39 logger.go:33: <nil> start session error
ERROR 2020/12/26 18:06:39 logger.go:33: <nil> start session error
ERROR 2020/12/26 18:06:58 logger.go:33: <nil> start session error
ERROR 2020/12/26 18:06:58 logger.go:33: <nil> start session error
ERROR 2020/12/26 18:06:58 logger.go:33: <nil> start session error
ERROR 2020/12/26 18:06:59 logger.go:33: <nil> start session error
ERROR 2020/12/26 18:07:36 logger.go:33: <nil> start session error
ERROR 2020/12/26 18:07:37 logger.go:33: <nil> start session error
ERROR 2020/12/26 18:07:37 logger.go:33: <nil> start session error
ERROR 2020/12/26 18:07:37 logger.go:33: <nil> start session error
ERROR 2020/12/26 18:07:46 logger.go:33: <nil> start session error
ERROR 2020/12/26 18:07:46 logger.go:33: <nil> start session error
ERROR 2020/12/26 18:07:46 logger.go:33: <nil> start session error
ERROR 2020/12/26 18:07:46 logger.go:33: <nil> start session error
ERROR 2020/12/26 18:08:04 logger.go:33: <nil> start session error
ERROR 2020/12/26 18:08:05 logger.go:33: <nil> start session error
ERROR 2020/12/26 18:08:05 logger.go:33: <nil> start session error
ERROR 2020/12/26 18:08:05 logger.go:33: <nil> start session error
ERROR 2020/12/26 18:10:45 logger.go:33: <nil> start session error
ERROR 2020/12/26 18:10:45 logger.go:33: <nil> start session error
ERROR 2020/12/26 18:10:45 logger.go:33: <nil> start session error
ERROR 2020/12/26 18:10:45 logger.go:33: <nil> start session error
ERROR 2020/12/26 18:10:46 logger.go:33: <nil> start session error
ERROR 2020/12/26 18:10:46 logger.go:33: <nil> start session error
ERROR 2020/12/26 18:10:50 logger.go:33: <nil> start session error
ERROR 2020/12/26 18:10:51 logger.go:33: <nil> start session error
ERROR 2020/12/26 18:10:51 logger.go:33: <nil> start session error
ERROR 2020/12/26 18:10:51 logger.go:33: <nil> start session error
ERROR 2020/12/26 18:10:51 logger.go:33: <nil> start session error
ERROR 2020/12/26 18:10:51 logger.go:33: <nil> start session error
ERROR 2020/12/26 18:10:51 logger.go:33: <nil> start session error
ERROR 2020/12/26 18:11:58 logger.go:33: <nil> start session error
ERROR 2020/12/26 18:11:58 logger.go:33: <nil> start session error
ERROR 2020/12/26 18:11:58 logger.go:33: <nil> start session error
ERROR 2020/12/26 18:11:58 logger.go:33: <nil> start session error
ERROR 2020/12/26 18:11:58 logger.go:33: <nil> start session error
ERROR 2020/12/26 18:11:58 logger.go:33: <nil> start session error
ERROR 2020/12/26 18:12:00 logger.go:33: <nil> start session error
ERROR 2020/12/26 18:12:00 logger.go:33: <nil> start session error
ERROR 2020/12/26 18:12:00 logger.go:33: <nil> start session error
ERROR 2020/12/26 18:12:00 logger.go:33: <nil> start session error
ERROR 2020/12/26 18:12:00 logger.go:33: <nil> start session error
ERROR 2020/12/26 18:12:00 logger.go:33: <nil> start session error
ERROR 2020/12/26 18:15:21 logger.go:33: <nil> start session error
ERROR 2020/12/26 18:15:22 logger.go:33: <nil> start session error
ERROR 2020/12/26 18:15:22 logger.go:33: <nil> start session error
ERROR 2020/12/26 18:15:22 logger.go:33: <nil> start session error
ERROR 2020/12/26 18:15:22 logger.go:33: <nil> start session error
ERROR 2020/12/26 18:15:23 logger.go:33: <nil> start session error
ERROR 2020/12/26 18:15:23 logger.go:33: <nil> start session error
ERROR 2020/12/26 18:15:34 logger.go:33: <nil> start session error
ERROR 2020/12/26 18:15:34 logger.go:33: <nil> start session error
ERROR 2020/12/26 18:15:34 logger.go:33: <nil> start session error
ERROR 2020/12/26 18:15:34 logger.go:33: <nil> start session error
ERROR 2020/12/26 18:15:34 logger.go:33: <nil> start session error
ERROR 2020/12/26 18:15:34 logger.go:33: <nil> start session error
ERROR 2020/12/26 18:15:43 logger.go:33: <nil> start session error
ERROR 2020/12/26 18:15:44 logger.go:33: <nil> start session error
ERROR 2020/12/26 18:15:44 logger.go:33: <nil> start session error
ERROR 2020/12/26 18:15:44 logger.go:33: <nil> start session error
ERROR 2020/12/26 18:15:44 logger.go:33: <nil> start session error
ERROR 2020/12/26 18:15:44 logger.go:33: <nil> start session error
ERROR 2020/12/26 18:15:44 logger.go:33: <nil> start session error
ERROR 2020/12/26 19:43:18 logger.go:33: <nil> start session error
ERROR 2020/12/26 19:43:25 logger.go:33: <nil> start session error
ERROR 2020/12/26 19:43:27 logger.go:33: <nil> start session error
ERROR 2020/12/26 19:48:13 logger.go:33: <nil> start session error
ERROR 2020/12/26 19:48:15 logger.go:33: <nil> start session error
ERROR 2020/12/26 19:48:18 logger.go:33: <nil> start session error
ERROR 2020/12/26 19:48:18 logger.go:33: <nil> Save session error
ERROR 2020/12/26 19:48:18 logger.go:33: <nil> start session error
ERROR 2020/12/26 19:48:21 logger.go:33: <nil> start session error
ERROR 2020/12/26 19:48:26 logger.go:33: <nil> start session error
ERROR 2020/12/26 19:48:26 logger.go:33: <nil> Save session error
ERROR 2020/12/26 19:48:26 logger.go:33: <nil> start session error
ERROR 2020/12/26 20:05:04 logger.go:33: <nil> start session error
ERROR 2020/12/26 20:05:08 logger.go:33: <nil> start session error
ERROR 2020/12/26 20:05:08 logger.go:33: <nil> Save session error
ERROR 2020/12/26 20:05:08 logger.go:33: <nil> start session error
ERROR 2020/12/26 20:05:11 logger.go:33: <nil> start session error
ERROR 2020/12/26 20:05:24 logger.go:33: <nil> start session error
ERROR 2020/12/26 20:05:38 logger.go:33: <nil> start session error
ERROR 2020/12/26 20:06:56 logger.go:33: <nil> start session error
ERROR 2020/12/26 20:07:00 logger.go:33: <nil> Save session error
ERROR 2020/12/26 20:07:00 logger.go:33: <nil> start session error
